TN:
SF:server.js
FN:9,(anonymous_0)
FNF:1
FNH:0
FNDA:0,(anonymous_0)
DA:1,0
DA:2,0
DA:3,0
DA:4,0
DA:7,0
DA:9,0
LF:6
LH:0
BRDA:4,0,0,0
BRDA:4,0,1,0
BRF:2
BRH:0
end_of_record
TN:
SF:dist/app.js
FN:16,(anonymous_0)
FN:27,(anonymous_1)
FN:38,(anonymous_2)
FN:49,(anonymous_3)
FN:60,(anonymous_4)
FN:71,(anonymous_5)
FN:82,(anonymous_6)
FN:93,(anonymous_7)
FN:104,(anonymous_8)
FN:115,(anonymous_9)
FN:126,(anonymous_10)
FN:137,(anonymous_11)
FN:148,(anonymous_12)
FN:159,(anonymous_13)
FN:170,(anonymous_14)
FN:181,(anonymous_15)
FN:191,(anonymous_16)
FN:202,(anonymous_17)
FN:213,(anonymous_18)
FN:224,(anonymous_19)
FN:235,(anonymous_20)
FN:246,(anonymous_21)
FN:257,(anonymous_22)
FN:268,(anonymous_23)
FN:279,(anonymous_24)
FN:290,(anonymous_25)
FN:301,(anonymous_26)
FN:312,(anonymous_27)
FN:323,(anonymous_28)
FN:334,(anonymous_29)
FN:345,(anonymous_30)
FN:356,(anonymous_31)
FN:367,(anonymous_32)
FN:378,(anonymous_33)
FN:389,(anonymous_34)
FN:400,(anonymous_35)
FN:411,(anonymous_36)
FN:422,(anonymous_37)
FN:433,(anonymous_38)
FN:444,(anonymous_39)
FN:455,(anonymous_40)
FN:466,(anonymous_41)
FN:477,(anonymous_42)
FN:488,(anonymous_43)
FN:499,(anonymous_44)
FN:510,(anonymous_45)
FN:521,(anonymous_46)
FN:532,(anonymous_47)
FN:543,(anonymous_48)
FN:554,(anonymous_49)
FN:562,(anonymous_50)
FN:565,(anonymous_51)
FNF:52
FNH:0
FNDA:0,(anonymous_0)
FNDA:0,(anonymous_1)
FNDA:0,(anonymous_2)
FNDA:0,(anonymous_3)
FNDA:0,(anonymous_4)
FNDA:0,(anonymous_5)
FNDA:0,(anonymous_6)
FNDA:0,(anonymous_7)
FNDA:0,(anonymous_8)
FNDA:0,(anonymous_9)
FNDA:0,(anonymous_10)
FNDA:0,(anonymous_11)
FNDA:0,(anonymous_12)
FNDA:0,(anonymous_13)
FNDA:0,(anonymous_14)
FNDA:0,(anonymous_15)
FNDA:0,(anonymous_16)
FNDA:0,(anonymous_17)
FNDA:0,(anonymous_18)
FNDA:0,(anonymous_19)
FNDA:0,(anonymous_20)
FNDA:0,(anonymous_21)
FNDA:0,(anonymous_22)
FNDA:0,(anonymous_23)
FNDA:0,(anonymous_24)
FNDA:0,(anonymous_25)
FNDA:0,(anonymous_26)
FNDA:0,(anonymous_27)
FNDA:0,(anonymous_28)
FNDA:0,(anonymous_29)
FNDA:0,(anonymous_30)
FNDA:0,(anonymous_31)
FNDA:0,(anonymous_32)
FNDA:0,(anonymous_33)
FNDA:0,(anonymous_34)
FNDA:0,(anonymous_35)
FNDA:0,(anonymous_36)
FNDA:0,(anonymous_37)
FNDA:0,(anonymous_38)
FNDA:0,(anonymous_39)
FNDA:0,(anonymous_40)
FNDA:0,(anonymous_41)
FNDA:0,(anonymous_42)
FNDA:0,(anonymous_43)
FNDA:0,(anonymous_44)
FNDA:0,(anonymous_45)
FNDA:0,(anonymous_46)
FNDA:0,(anonymous_47)
FNDA:0,(anonymous_48)
FNDA:0,(anonymous_49)
FNDA:0,(anonymous_50)
FNDA:0,(anonymous_51)
DA:10,0
DA:19,0
DA:30,0
DA:41,0
DA:52,0
DA:63,0
DA:74,0
DA:85,0
DA:96,0
DA:107,0
DA:118,0
DA:129,0
DA:140,0
DA:151,0
DA:162,0
DA:173,0
DA:183,0
DA:194,0
DA:205,0
DA:216,0
DA:227,0
DA:238,0
DA:249,0
DA:260,0
DA:271,0
DA:282,0
DA:293,0
DA:304,0
DA:315,0
DA:326,0
DA:337,0
DA:348,0
DA:359,0
DA:370,0
DA:381,0
DA:392,0
DA:403,0
DA:414,0
DA:425,0
DA:436,0
DA:447,0
DA:458,0
DA:469,0
DA:480,0
DA:491,0
DA:502,0
DA:513,0
DA:524,0
DA:535,0
DA:546,0
DA:557,0
DA:565,0
DA:566,0
DA:567,0
LF:54
LH:0
BRDA:10,0,0,0
BRDA:10,0,1,0
BRF:2
BRH:0
end_of_record
TN:
SF:dist/editor.js
FN:10,(anonymous_0)
FN:18,(anonymous_1)
FN:28,(anonymous_2)
FN:38,(anonymous_3)
FN:48,(anonymous_4)
FN:58,(anonymous_5)
FN:68,(anonymous_6)
FN:78,(anonymous_7)
FN:88,(anonymous_8)
FN:98,(anonymous_9)
FN:108,(anonymous_10)
FN:118,(anonymous_11)
FN:128,(anonymous_12)
FN:138,(anonymous_13)
FN:148,(anonymous_14)
FN:158,(anonymous_15)
FN:168,(anonymous_16)
FN:178,(anonymous_17)
FN:188,(anonymous_18)
FN:198,(anonymous_19)
FN:208,(anonymous_20)
FN:218,(anonymous_21)
FN:228,(anonymous_22)
FN:238,(anonymous_23)
FN:248,(anonymous_24)
FN:258,(anonymous_25)
FN:268,(anonymous_26)
FN:278,(anonymous_27)
FN:288,(anonymous_28)
FN:298,(anonymous_29)
FN:308,(anonymous_30)
FN:318,(anonymous_31)
FN:328,(anonymous_32)
FN:338,(anonymous_33)
FN:348,(anonymous_34)
FN:358,(anonymous_35)
FN:368,(anonymous_36)
FN:378,(anonymous_37)
FN:388,(anonymous_38)
FN:398,(anonymous_39)
FN:408,(anonymous_40)
FN:418,(anonymous_41)
FN:428,(anonymous_42)
FN:438,(anonymous_43)
FN:448,(anonymous_44)
FN:458,(anonymous_45)
FN:468,(anonymous_46)
FN:478,(anonymous_47)
FN:488,(anonymous_48)
FN:498,(anonymous_49)
FN:508,(anonymous_50)
FN:518,(anonymous_51)
FN:528,(anonymous_52)
FN:538,(anonymous_53)
FN:548,(anonymous_54)
FN:558,(anonymous_55)
FN:568,(anonymous_56)
FN:578,(anonymous_57)
FN:588,(anonymous_58)
FN:598,(anonymous_59)
FN:608,(anonymous_60)
FN:618,(anonymous_61)
FN:628,(anonymous_62)
FN:638,(anonymous_63)
FN:648,(anonymous_64)
FN:658,(anonymous_65)
FN:668,(anonymous_66)
FN:678,(anonymous_67)
FN:688,(anonymous_68)
FN:698,(anonymous_69)
FN:708,(anonymous_70)
FN:718,(anonymous_71)
FN:728,(anonymous_72)
FN:738,(anonymous_73)
FN:748,(anonymous_74)
FN:758,(anonymous_75)
FN:768,(anonymous_76)
FN:778,(anonymous_77)
FN:788,(anonymous_78)
FN:798,(anonymous_79)
FN:808,(anonymous_80)
FN:818,(anonymous_81)
FN:828,(anonymous_82)
FN:838,(anonymous_83)
FN:848,(anonymous_84)
FN:858,(anonymous_85)
FN:868,(anonymous_86)
FN:878,(anonymous_87)
FN:888,(anonymous_88)
FN:898,(anonymous_89)
FN:908,(anonymous_90)
FN:918,(anonymous_91)
FN:928,(anonymous_92)
FN:938,(anonymous_93)
FN:948,(anonymous_94)
FN:958,(anonymous_95)
FN:968,(anonymous_96)
FN:978,(anonymous_97)
FN:988,(anonymous_98)
FN:998,(anonymous_99)
FN:1008,(anonymous_100)
FN:1018,(anonymous_101)
FN:1028,(anonymous_102)
FN:1038,(anonymous_103)
FN:1048,(anonymous_104)
FN:1058,(anonymous_105)
FN:1068,(anonymous_106)
FN:1078,(anonymous_107)
FN:1088,(anonymous_108)
FN:1098,(anonymous_109)
FN:1108,(anonymous_110)
FN:1118,(anonymous_111)
FN:1128,(anonymous_112)
FN:1138,(anonymous_113)
FN:1148,(anonymous_114)
FN:1158,(anonymous_115)
FN:1168,(anonymous_116)
FN:1178,(anonymous_117)
FN:1188,(anonymous_118)
FN:1198,(anonymous_119)
FN:1208,(anonymous_120)
FN:1218,(anonymous_121)
FN:1228,(anonymous_122)
FN:1238,(anonymous_123)
FN:1248,(anonymous_124)
FN:1258,(anonymous_125)
FN:1270,__webpack_require__
FN:1292,(anonymous_127)
FN:1294,(anonymous_128)
FN:1296,(anonymous_129)
FN:1297,(anonymous_130)
FN:1304,(anonymous_131)
FN:1306,(anonymous_132)
FN:1316,(anonymous_133)
FN:1317,(anonymous_134)
FN:1328,(anonymous_135)
FN:1329,(anonymous_136)
FN:1333,(anonymous_137)
FN:1335,(anonymous_138)
FNF:139
FNH:0
FNDA:0,(anonymous_0)
FNDA:0,(anonymous_1)
FNDA:0,(anonymous_2)
FNDA:0,(anonymous_3)
FNDA:0,(anonymous_4)
FNDA:0,(anonymous_5)
FNDA:0,(anonymous_6)
FNDA:0,(anonymous_7)
FNDA:0,(anonymous_8)
FNDA:0,(anonymous_9)
FNDA:0,(anonymous_10)
FNDA:0,(anonymous_11)
FNDA:0,(anonymous_12)
FNDA:0,(anonymous_13)
FNDA:0,(anonymous_14)
FNDA:0,(anonymous_15)
FNDA:0,(anonymous_16)
FNDA:0,(anonymous_17)
FNDA:0,(anonymous_18)
FNDA:0,(anonymous_19)
FNDA:0,(anonymous_20)
FNDA:0,(anonymous_21)
FNDA:0,(anonymous_22)
FNDA:0,(anonymous_23)
FNDA:0,(anonymous_24)
FNDA:0,(anonymous_25)
FNDA:0,(anonymous_26)
FNDA:0,(anonymous_27)
FNDA:0,(anonymous_28)
FNDA:0,(anonymous_29)
FNDA:0,(anonymous_30)
FNDA:0,(anonymous_31)
FNDA:0,(anonymous_32)
FNDA:0,(anonymous_33)
FNDA:0,(anonymous_34)
FNDA:0,(anonymous_35)
FNDA:0,(anonymous_36)
FNDA:0,(anonymous_37)
FNDA:0,(anonymous_38)
FNDA:0,(anonymous_39)
FNDA:0,(anonymous_40)
FNDA:0,(anonymous_41)
FNDA:0,(anonymous_42)
FNDA:0,(anonymous_43)
FNDA:0,(anonymous_44)
FNDA:0,(anonymous_45)
FNDA:0,(anonymous_46)
FNDA:0,(anonymous_47)
FNDA:0,(anonymous_48)
FNDA:0,(anonymous_49)
FNDA:0,(anonymous_50)
FNDA:0,(anonymous_51)
FNDA:0,(anonymous_52)
FNDA:0,(anonymous_53)
FNDA:0,(anonymous_54)
FNDA:0,(anonymous_55)
FNDA:0,(anonymous_56)
FNDA:0,(anonymous_57)
FNDA:0,(anonymous_58)
FNDA:0,(anonymous_59)
FNDA:0,(anonymous_60)
FNDA:0,(anonymous_61)
FNDA:0,(anonymous_62)
FNDA:0,(anonymous_63)
FNDA:0,(anonymous_64)
FNDA:0,(anonymous_65)
FNDA:0,(anonymous_66)
FNDA:0,(anonymous_67)
FNDA:0,(anonymous_68)
FNDA:0,(anonymous_69)
FNDA:0,(anonymous_70)
FNDA:0,(anonymous_71)
FNDA:0,(anonymous_72)
FNDA:0,(anonymous_73)
FNDA:0,(anonymous_74)
FNDA:0,(anonymous_75)
FNDA:0,(anonymous_76)
FNDA:0,(anonymous_77)
FNDA:0,(anonymous_78)
FNDA:0,(anonymous_79)
FNDA:0,(anonymous_80)
FNDA:0,(anonymous_81)
FNDA:0,(anonymous_82)
FNDA:0,(anonymous_83)
FNDA:0,(anonymous_84)
FNDA:0,(anonymous_85)
FNDA:0,(anonymous_86)
FNDA:0,(anonymous_87)
FNDA:0,(anonymous_88)
FNDA:0,(anonymous_89)
FNDA:0,(anonymous_90)
FNDA:0,(anonymous_91)
FNDA:0,(anonymous_92)
FNDA:0,(anonymous_93)
FNDA:0,(anonymous_94)
FNDA:0,(anonymous_95)
FNDA:0,(anonymous_96)
FNDA:0,(anonymous_97)
FNDA:0,(anonymous_98)
FNDA:0,(anonymous_99)
FNDA:0,(anonymous_100)
FNDA:0,(anonymous_101)
FNDA:0,(anonymous_102)
FNDA:0,(anonymous_103)
FNDA:0,(anonymous_104)
FNDA:0,(anonymous_105)
FNDA:0,(anonymous_106)
FNDA:0,(anonymous_107)
FNDA:0,(anonymous_108)
FNDA:0,(anonymous_109)
FNDA:0,(anonymous_110)
FNDA:0,(anonymous_111)
FNDA:0,(anonymous_112)
FNDA:0,(anonymous_113)
FNDA:0,(anonymous_114)
FNDA:0,(anonymous_115)
FNDA:0,(anonymous_116)
FNDA:0,(anonymous_117)
FNDA:0,(anonymous_118)
FNDA:0,(anonymous_119)
FNDA:0,(anonymous_120)
FNDA:0,(anonymous_121)
FNDA:0,(anonymous_122)
FNDA:0,(anonymous_123)
FNDA:0,(anonymous_124)
FNDA:0,(anonymous_125)
FNDA:0,__webpack_require__
FNDA:0,(anonymous_127)
FNDA:0,(anonymous_128)
FNDA:0,(anonymous_129)
FNDA:0,(anonymous_130)
FNDA:0,(anonymous_131)
FNDA:0,(anonymous_132)
FNDA:0,(anonymous_133)
FNDA:0,(anonymous_134)
FNDA:0,(anonymous_135)
FNDA:0,(anonymous_136)
FNDA:0,(anonymous_137)
FNDA:0,(anonymous_138)
DA:10,0
DA:12,0
DA:20,0
DA:30,0
DA:40,0
DA:50,0
DA:60,0
DA:70,0
DA:80,0
DA:90,0
DA:100,0
DA:110,0
DA:120,0
DA:130,0
DA:140,0
DA:150,0
DA:160,0
DA:170,0
DA:180,0
DA:190,0
DA:200,0
DA:210,0
DA:220,0
DA:230,0
DA:240,0
DA:250,0
DA:260,0
DA:270,0
DA:280,0
DA:290,0
DA:300,0
DA:310,0
DA:320,0
DA:330,0
DA:340,0
DA:350,0
DA:360,0
DA:370,0
DA:380,0
DA:390,0
DA:400,0
DA:410,0
DA:420,0
DA:430,0
DA:440,0
DA:450,0
DA:460,0
DA:470,0
DA:480,0
DA:490,0
DA:500,0
DA:510,0
DA:520,0
DA:530,0
DA:540,0
DA:550,0
DA:560,0
DA:570,0
DA:580,0
DA:590,0
DA:600,0
DA:610,0
DA:620,0
DA:630,0
DA:640,0
DA:650,0
DA:660,0
DA:670,0
DA:680,0
DA:690,0
DA:700,0
DA:710,0
DA:720,0
DA:730,0
DA:740,0
DA:750,0
DA:760,0
DA:770,0
DA:780,0
DA:790,0
DA:800,0
DA:810,0
DA:820,0
DA:830,0
DA:840,0
DA:850,0
DA:860,0
DA:870,0
DA:880,0
DA:890,0
DA:900,0
DA:910,0
DA:920,0
DA:930,0
DA:940,0
DA:950,0
DA:960,0
DA:970,0
DA:980,0
DA:990,0
DA:1000,0
DA:1010,0
DA:1020,0
DA:1030,0
DA:1040,0
DA:1050,0
DA:1060,0
DA:1070,0
DA:1080,0
DA:1090,0
DA:1100,0
DA:1110,0
DA:1120,0
DA:1130,0
DA:1140,0
DA:1150,0
DA:1160,0
DA:1170,0
DA:1180,0
DA:1190,0
DA:1200,0
DA:1210,0
DA:1220,0
DA:1230,0
DA:1240,0
DA:1250,0
DA:1260,0
DA:1267,0
DA:1272,0
DA:1273,0
DA:1274,0
DA:1277,0
DA:1284,0
DA:1287,0
DA:1292,0
DA:1294,0
DA:1295,0
DA:1296,0
DA:1297,0
DA:1298,0
DA:1299,0
DA:1304,0
DA:1306,0
DA:1307,0
DA:1308,0
DA:1309,0
DA:1316,0
DA:1317,0
DA:1318,0
DA:1319,0
DA:1320,0
DA:1322,0
DA:1328,0
DA:1329,0
DA:1333,0
DA:1335,0
DA:1336,0
DA:1337,0
DA:1339,0
DA:1348,0
DA:1349,0
LF:161
LH:0
BRDA:1273,0,0,0
BRDA:1273,0,1,0
BRDA:1295,1,0,0
BRDA:1295,1,1,0
BRDA:1295,2,0,0
BRDA:1295,2,1,0
BRDA:1308,3,0,0
BRDA:1308,3,1,0
BRDA:1308,4,0,0
BRDA:1308,4,1,0
BRDA:1318,5,0,0
BRDA:1318,5,1,0
BRDA:1320,6,0,0
BRDA:1320,6,1,0
BRDA:1322,7,0,0
BRDA:1322,7,1,0
BRDA:1336,8,0,0
BRDA:1336,8,1,0
BRDA:1336,9,0,0
BRDA:1336,9,1,0
BRF:20
BRH:0
end_of_record
TN:
SF:dist/index.js
FN:10,(anonymous_0)
FN:18,(anonymous_1)
FN:28,(anonymous_2)
FN:38,(anonymous_3)
FN:48,(anonymous_4)
FN:58,(anonymous_5)
FN:68,(anonymous_6)
FN:78,(anonymous_7)
FN:88,(anonymous_8)
FN:98,(anonymous_9)
FN:108,(anonymous_10)
FN:118,(anonymous_11)
FN:128,(anonymous_12)
FN:138,(anonymous_13)
FN:148,(anonymous_14)
FN:158,(anonymous_15)
FN:168,(anonymous_16)
FN:178,(anonymous_17)
FN:188,(anonymous_18)
FN:198,(anonymous_19)
FN:208,(anonymous_20)
FN:218,(anonymous_21)
FN:228,(anonymous_22)
FN:238,(anonymous_23)
FN:248,(anonymous_24)
FN:258,(anonymous_25)
FN:268,(anonymous_26)
FN:278,(anonymous_27)
FN:288,(anonymous_28)
FN:298,(anonymous_29)
FN:308,(anonymous_30)
FN:318,(anonymous_31)
FN:328,(anonymous_32)
FN:338,(anonymous_33)
FN:348,(anonymous_34)
FN:358,(anonymous_35)
FN:368,(anonymous_36)
FN:378,(anonymous_37)
FN:388,(anonymous_38)
FN:398,(anonymous_39)
FN:408,(anonymous_40)
FN:418,(anonymous_41)
FN:428,(anonymous_42)
FN:438,(anonymous_43)
FN:448,(anonymous_44)
FN:458,(anonymous_45)
FN:468,(anonymous_46)
FN:478,(anonymous_47)
FN:488,(anonymous_48)
FN:498,(anonymous_49)
FN:508,(anonymous_50)
FN:518,(anonymous_51)
FN:528,(anonymous_52)
FN:538,(anonymous_53)
FN:548,(anonymous_54)
FN:558,(anonymous_55)
FN:568,(anonymous_56)
FN:578,(anonymous_57)
FN:588,(anonymous_58)
FN:598,(anonymous_59)
FN:608,(anonymous_60)
FN:618,(anonymous_61)
FN:628,(anonymous_62)
FN:638,(anonymous_63)
FN:648,(anonymous_64)
FN:658,(anonymous_65)
FN:668,(anonymous_66)
FN:678,(anonymous_67)
FN:688,(anonymous_68)
FN:698,(anonymous_69)
FN:708,(anonymous_70)
FN:718,(anonymous_71)
FN:728,(anonymous_72)
FN:738,(anonymous_73)
FN:748,(anonymous_74)
FN:758,(anonymous_75)
FN:768,(anonymous_76)
FN:778,(anonymous_77)
FN:788,(anonymous_78)
FN:798,(anonymous_79)
FN:808,(anonymous_80)
FN:818,(anonymous_81)
FN:828,(anonymous_82)
FN:838,(anonymous_83)
FN:848,(anonymous_84)
FN:858,(anonymous_85)
FN:868,(anonymous_86)
FN:878,(anonymous_87)
FN:888,(anonymous_88)
FN:898,(anonymous_89)
FN:908,(anonymous_90)
FN:918,(anonymous_91)
FN:928,(anonymous_92)
FN:938,(anonymous_93)
FN:948,(anonymous_94)
FN:958,(anonymous_95)
FN:968,(anonymous_96)
FN:978,(anonymous_97)
FN:988,(anonymous_98)
FN:998,(anonymous_99)
FN:1008,(anonymous_100)
FN:1018,(anonymous_101)
FN:1028,(anonymous_102)
FN:1038,(anonymous_103)
FN:1048,(anonymous_104)
FN:1058,(anonymous_105)
FN:1068,(anonymous_106)
FN:1078,(anonymous_107)
FN:1088,(anonymous_108)
FN:1098,(anonymous_109)
FN:1108,(anonymous_110)
FN:1118,(anonymous_111)
FN:1128,(anonymous_112)
FN:1138,(anonymous_113)
FN:1148,(anonymous_114)
FN:1158,(anonymous_115)
FN:1168,(anonymous_116)
FN:1178,(anonymous_117)
FN:1188,(anonymous_118)
FN:1198,(anonymous_119)
FN:1210,__webpack_require__
FN:1232,(anonymous_121)
FN:1234,(anonymous_122)
FN:1236,(anonymous_123)
FN:1237,(anonymous_124)
FN:1244,(anonymous_125)
FN:1246,(anonymous_126)
FN:1256,(anonymous_127)
FN:1257,(anonymous_128)
FN:1268,(anonymous_129)
FN:1269,(anonymous_130)
FN:1273,(anonymous_131)
FN:1275,(anonymous_132)
FNF:133
FNH:0
FNDA:0,(anonymous_0)
FNDA:0,(anonymous_1)
FNDA:0,(anonymous_2)
FNDA:0,(anonymous_3)
FNDA:0,(anonymous_4)
FNDA:0,(anonymous_5)
FNDA:0,(anonymous_6)
FNDA:0,(anonymous_7)
FNDA:0,(anonymous_8)
FNDA:0,(anonymous_9)
FNDA:0,(anonymous_10)
FNDA:0,(anonymous_11)
FNDA:0,(anonymous_12)
FNDA:0,(anonymous_13)
FNDA:0,(anonymous_14)
FNDA:0,(anonymous_15)
FNDA:0,(anonymous_16)
FNDA:0,(anonymous_17)
FNDA:0,(anonymous_18)
FNDA:0,(anonymous_19)
FNDA:0,(anonymous_20)
FNDA:0,(anonymous_21)
FNDA:0,(anonymous_22)
FNDA:0,(anonymous_23)
FNDA:0,(anonymous_24)
FNDA:0,(anonymous_25)
FNDA:0,(anonymous_26)
FNDA:0,(anonymous_27)
FNDA:0,(anonymous_28)
FNDA:0,(anonymous_29)
FNDA:0,(anonymous_30)
FNDA:0,(anonymous_31)
FNDA:0,(anonymous_32)
FNDA:0,(anonymous_33)
FNDA:0,(anonymous_34)
FNDA:0,(anonymous_35)
FNDA:0,(anonymous_36)
FNDA:0,(anonymous_37)
FNDA:0,(anonymous_38)
FNDA:0,(anonymous_39)
FNDA:0,(anonymous_40)
FNDA:0,(anonymous_41)
FNDA:0,(anonymous_42)
FNDA:0,(anonymous_43)
FNDA:0,(anonymous_44)
FNDA:0,(anonymous_45)
FNDA:0,(anonymous_46)
FNDA:0,(anonymous_47)
FNDA:0,(anonymous_48)
FNDA:0,(anonymous_49)
FNDA:0,(anonymous_50)
FNDA:0,(anonymous_51)
FNDA:0,(anonymous_52)
FNDA:0,(anonymous_53)
FNDA:0,(anonymous_54)
FNDA:0,(anonymous_55)
FNDA:0,(anonymous_56)
FNDA:0,(anonymous_57)
FNDA:0,(anonymous_58)
FNDA:0,(anonymous_59)
FNDA:0,(anonymous_60)
FNDA:0,(anonymous_61)
FNDA:0,(anonymous_62)
FNDA:0,(anonymous_63)
FNDA:0,(anonymous_64)
FNDA:0,(anonymous_65)
FNDA:0,(anonymous_66)
FNDA:0,(anonymous_67)
FNDA:0,(anonymous_68)
FNDA:0,(anonymous_69)
FNDA:0,(anonymous_70)
FNDA:0,(anonymous_71)
FNDA:0,(anonymous_72)
FNDA:0,(anonymous_73)
FNDA:0,(anonymous_74)
FNDA:0,(anonymous_75)
FNDA:0,(anonymous_76)
FNDA:0,(anonymous_77)
FNDA:0,(anonymous_78)
FNDA:0,(anonymous_79)
FNDA:0,(anonymous_80)
FNDA:0,(anonymous_81)
FNDA:0,(anonymous_82)
FNDA:0,(anonymous_83)
FNDA:0,(anonymous_84)
FNDA:0,(anonymous_85)
FNDA:0,(anonymous_86)
FNDA:0,(anonymous_87)
FNDA:0,(anonymous_88)
FNDA:0,(anonymous_89)
FNDA:0,(anonymous_90)
FNDA:0,(anonymous_91)
FNDA:0,(anonymous_92)
FNDA:0,(anonymous_93)
FNDA:0,(anonymous_94)
FNDA:0,(anonymous_95)
FNDA:0,(anonymous_96)
FNDA:0,(anonymous_97)
FNDA:0,(anonymous_98)
FNDA:0,(anonymous_99)
FNDA:0,(anonymous_100)
FNDA:0,(anonymous_101)
FNDA:0,(anonymous_102)
FNDA:0,(anonymous_103)
FNDA:0,(anonymous_104)
FNDA:0,(anonymous_105)
FNDA:0,(anonymous_106)
FNDA:0,(anonymous_107)
FNDA:0,(anonymous_108)
FNDA:0,(anonymous_109)
FNDA:0,(anonymous_110)
FNDA:0,(anonymous_111)
FNDA:0,(anonymous_112)
FNDA:0,(anonymous_113)
FNDA:0,(anonymous_114)
FNDA:0,(anonymous_115)
FNDA:0,(anonymous_116)
FNDA:0,(anonymous_117)
FNDA:0,(anonymous_118)
FNDA:0,(anonymous_119)
FNDA:0,__webpack_require__
FNDA:0,(anonymous_121)
FNDA:0,(anonymous_122)
FNDA:0,(anonymous_123)
FNDA:0,(anonymous_124)
FNDA:0,(anonymous_125)
FNDA:0,(anonymous_126)
FNDA:0,(anonymous_127)
FNDA:0,(anonymous_128)
FNDA:0,(anonymous_129)
FNDA:0,(anonymous_130)
FNDA:0,(anonymous_131)
FNDA:0,(anonymous_132)
DA:10,0
DA:12,0
DA:20,0
DA:30,0
DA:40,0
DA:50,0
DA:60,0
DA:70,0
DA:80,0
DA:90,0
DA:100,0
DA:110,0
DA:120,0
DA:130,0
DA:140,0
DA:150,0
DA:160,0
DA:170,0
DA:180,0
DA:190,0
DA:200,0
DA:210,0
DA:220,0
DA:230,0
DA:240,0
DA:250,0
DA:260,0
DA:270,0
DA:280,0
DA:290,0
DA:300,0
DA:310,0
DA:320,0
DA:330,0
DA:340,0
DA:350,0
DA:360,0
DA:370,0
DA:380,0
DA:390,0
DA:400,0
DA:410,0
DA:420,0
DA:430,0
DA:440,0
DA:450,0
DA:460,0
DA:470,0
DA:480,0
DA:490,0
DA:500,0
DA:510,0
DA:520,0
DA:530,0
DA:540,0
DA:550,0
DA:560,0
DA:570,0
DA:580,0
DA:590,0
DA:600,0
DA:610,0
DA:620,0
DA:630,0
DA:640,0
DA:650,0
DA:660,0
DA:670,0
DA:680,0
DA:690,0
DA:700,0
DA:710,0
DA:720,0
DA:730,0
DA:740,0
DA:750,0
DA:760,0
DA:770,0
DA:780,0
DA:790,0
DA:800,0
DA:810,0
DA:820,0
DA:830,0
DA:840,0
DA:850,0
DA:860,0
DA:870,0
DA:880,0
DA:890,0
DA:900,0
DA:910,0
DA:920,0
DA:930,0
DA:940,0
DA:950,0
DA:960,0
DA:970,0
DA:980,0
DA:990,0
DA:1000,0
DA:1010,0
DA:1020,0
DA:1030,0
DA:1040,0
DA:1050,0
DA:1060,0
DA:1070,0
DA:1080,0
DA:1090,0
DA:1100,0
DA:1110,0
DA:1120,0
DA:1130,0
DA:1140,0
DA:1150,0
DA:1160,0
DA:1170,0
DA:1180,0
DA:1190,0
DA:1200,0
DA:1207,0
DA:1212,0
DA:1213,0
DA:1214,0
DA:1217,0
DA:1224,0
DA:1227,0
DA:1232,0
DA:1234,0
DA:1235,0
DA:1236,0
DA:1237,0
DA:1238,0
DA:1239,0
DA:1244,0
DA:1246,0
DA:1247,0
DA:1248,0
DA:1249,0
DA:1256,0
DA:1257,0
DA:1258,0
DA:1259,0
DA:1260,0
DA:1262,0
DA:1268,0
DA:1269,0
DA:1273,0
DA:1275,0
DA:1276,0
DA:1277,0
DA:1279,0
DA:1288,0
DA:1289,0
LF:155
LH:0
BRDA:1213,0,0,0
BRDA:1213,0,1,0
BRDA:1235,1,0,0
BRDA:1235,1,1,0
BRDA:1235,2,0,0
BRDA:1235,2,1,0
BRDA:1248,3,0,0
BRDA:1248,3,1,0
BRDA:1248,4,0,0
BRDA:1248,4,1,0
BRDA:1258,5,0,0
BRDA:1258,5,1,0
BRDA:1260,6,0,0
BRDA:1260,6,1,0
BRDA:1262,7,0,0
BRDA:1262,7,1,0
BRDA:1276,8,0,0
BRDA:1276,8,1,0
BRDA:1276,9,0,0
BRDA:1276,9,1,0
BRF:20
BRH:0
end_of_record
TN:
SF:dist/monacoLanguage.js
FN:10,(anonymous_0)
FN:18,(anonymous_1)
FN:31,(anonymous_2)
FN:33,(anonymous_3)
FN:43,(anonymous_4)
FN:44,(anonymous_5)
FN:48,(anonymous_6)
FN:50,(anonymous_7)
FNF:8
FNH:0
FNDA:0,(anonymous_0)
FNDA:0,(anonymous_1)
FNDA:0,(anonymous_2)
FNDA:0,(anonymous_3)
FNDA:0,(anonymous_4)
FNDA:0,(anonymous_5)
FNDA:0,(anonymous_6)
FNDA:0,(anonymous_7)
DA:10,0
DA:12,0
DA:20,0
DA:27,0
DA:31,0
DA:33,0
DA:34,0
DA:35,0
DA:36,0
DA:43,0
DA:44,0
DA:48,0
DA:50,0
DA:51,0
DA:52,0
DA:54,0
DA:63,0
DA:64,0
DA:65,0
LF:19
LH:0
BRDA:35,0,0,0
BRDA:35,0,1,0
BRDA:35,1,0,0
BRDA:35,1,1,0
BRDA:51,2,0,0
BRDA:51,2,1,0
BRDA:51,3,0,0
BRDA:51,3,1,0
BRF:8
BRH:0
end_of_record
TN:
SF:src/mocked-services.ts
FNF:0
FNH:0
LF:0
LH:0
BRF:0
BRH:0
end_of_record
TN:
SF:src/app/scenario-builder/given-step.ts
FNF:0
FNH:0
DA:6,0
LF:1
LH:0
BRF:0
BRH:0
end_of_record
TN:
SF:src/app/scenario-builder/scenario-builder-config.ts
FNF:0
FNH:0
DA:4,0
LF:1
LH:0
BRF:0
BRH:0
end_of_record
TN:
SF:src/app/scenario-builder/then-step.ts
FNF:0
FNH:0
DA:6,0
LF:1
LH:0
BRF:0
BRH:0
end_of_record
TN:
SF:src/app/scenario-builder/when-step.ts
FNF:0
FNH:0
DA:6,0
LF:1
LH:0
BRF:0
BRH:0
end_of_record
TN:
SF:src/app/template-processing/default-templates.js
FNF:0
FNH:0
DA:1,0
LF:1
LH:0
BRF:0
BRH:0
end_of_record
TN:
SF:src/app/template-processing/dom-element-classes.js
FN:2,(anonymous_0)
FN:9,(anonymous_1)
FN:22,(anonymous_2)
FN:28,(anonymous_3)
FN:43,(anonymous_4)
FN:61,(anonymous_5)
FNF:6
FNH:0
FNDA:0,(anonymous_0)
FNDA:0,(anonymous_1)
FNDA:0,(anonymous_2)
FNDA:0,(anonymous_3)
FNDA:0,(anonymous_4)
FNDA:0,(anonymous_5)
DA:1,0
DA:9,0
DA:11,0
DA:12,0
DA:14,0
DA:15,0
DA:17,0
DA:18,0
DA:28,0
DA:29,0
DA:30,0
DA:31,0
DA:33,0
DA:34,0
DA:36,0
DA:37,0
DA:39,0
DA:40,0
DA:49,0
DA:50,0
DA:51,0
DA:53,0
DA:58,0
DA:59,0
DA:61,0
DA:62,0
DA:63,0
DA:65,0
DA:66,0
DA:67,0
DA:68,0
LF:31
LH:0
BRDA:30,0,0,0
BRDA:30,0,1,0
BRDA:50,1,0,0
BRDA:50,1,1,0
BRDA:62,2,0,0
BRDA:62,2,1,0
BRDA:65,3,0,0
BRDA:65,3,1,0
BRF:8
BRH:0
end_of_record
TN:
SF:src/app/template-processing/monaco-languages.js
FN:1,getLanguageForExtension
FNF:1
FNH:0
FNDA:0,getLanguageForExtension
DA:2,0
DA:331,0
DA:332,0
DA:333,0
DA:335,0
LF:5
LH:0
BRDA:332,0,0,0
BRDA:332,0,1,0
BRF:2
BRH:0
end_of_record
TN:
SF:src/app/template-processing/template-studio-factory.ts
FN:2,(anonymous_0)
FN:21,(anonymous_1)
FNF:2
FNH:0
FNDA:0,(anonymous_0)
FNDA:0,(anonymous_1)
DA:1,0
DA:4,0
DA:22,0
LF:3
LH:0
BRF:0
BRH:0
end_of_record
TN:
SF:src/app/template-processing/template-studio.js
FN:13,(anonymous_0)
FN:20,(anonymous_1)
FN:43,(anonymous_2)
FN:62,showError
FN:74,clearErrors
FN:85,(anonymous_5)
FN:112,showPreview
FN:120,hidePreview
FN:129,(anonymous_8)
FN:141,switchEditorLanguage
FN:147,switchPreviewLanguage
FN:153,onEditorLanguagePreferenceChange
FN:168,toggleTheme
FN:223,(anonymous_13)
FN:227,(anonymous_14)
FN:254,(anonymous_15)
FNF:16
FNH:0
FNDA:0,(anonymous_0)
FNDA:0,(anonymous_1)
FNDA:0,(anonymous_2)
FNDA:0,showError
FNDA:0,clearErrors
FNDA:0,(anonymous_5)
FNDA:0,showPreview
FNDA:0,hidePreview
FNDA:0,(anonymous_8)
FNDA:0,switchEditorLanguage
FNDA:0,switchPreviewLanguage
FNDA:0,onEditorLanguagePreferenceChange
FNDA:0,toggleTheme
FNDA:0,(anonymous_13)
FNDA:0,(anonymous_14)
FNDA:0,(anonymous_15)
DA:13,0
DA:14,0
DA:20,0
DA:22,0
DA:25,0
DA:32,0
DA:33,0
DA:35,0
DA:38,0
DA:39,0
DA:40,0
DA:43,0
DA:44,0
DA:45,0
DA:51,0
DA:52,0
DA:54,0
DA:55,0
DA:57,0
DA:64,0
DA:72,0
DA:75,0
DA:81,0
DA:82,0
DA:83,0
DA:84,0
DA:85,0
DA:87,0
DA:88,0
DA:90,0
DA:91,0
DA:92,0
DA:95,0
DA:99,0
DA:101,0
DA:102,0
DA:106,0
DA:111,0
DA:113,0
DA:114,0
DA:115,0
DA:116,0
DA:117,0
DA:118,0
DA:121,0
DA:122,0
DA:123,0
DA:124,0
DA:126,0
DA:127,0
DA:129,0
DA:130,0
DA:131,0
DA:133,0
DA:136,0
DA:142,0
DA:143,0
DA:144,0
DA:148,0
DA:149,0
DA:150,0
DA:152,0
DA:154,0
DA:155,0
DA:156,0
DA:158,0
DA:161,0
DA:169,0
DA:172,0
DA:173,0
DA:174,0
DA:175,0
DA:181,0
DA:183,0
DA:184,0
DA:197,0
DA:200,0
DA:201,0
DA:204,0
DA:210,0
DA:217,0
DA:223,0
DA:225,0
DA:226,0
DA:227,0
DA:230,0
DA:231,0
DA:232,0
DA:234,0
DA:235,0
DA:236,0
DA:237,0
DA:238,0
DA:245,0
DA:247,0
DA:248,0
DA:252,0
DA:253,0
DA:254,0
DA:255,0
DA:259,0
DA:260,0
DA:264,0
LF:103
LH:0
BRDA:32,0,0,0
BRDA:32,0,1,0
BRDA:35,1,0,0
BRDA:35,1,1,0
BRDA:35,1,2,0
BRDA:38,2,0,0
BRDA:38,2,1,0
BRDA:65,3,0,0
BRDA:65,3,1,0
BRDA:66,4,0,0
BRDA:66,4,1,0
BRDA:83,5,0,0
BRDA:83,5,1,0
BRDA:102,6,0,0
BRDA:102,6,1,0
BRDA:102,7,0,0
BRDA:102,7,1,0
BRDA:130,8,0,0
BRDA:130,8,1,0
BRDA:147,9,0,0
BRDA:148,10,0,0
BRDA:148,10,1,0
BRDA:155,11,0,0
BRDA:155,11,1,0
BRDA:173,12,0,0
BRDA:173,12,1,0
BRDA:200,13,0,0
BRDA:200,13,1,0
BRDA:201,14,0,0
BRDA:201,14,1,0
BRDA:233,15,0,0
BRDA:233,15,1,0
BRF:32
BRH:0
end_of_record
TN:
SF:src/app/template-processing/url-parameters.js
FN:2,(anonymous_0)
FNF:1
FNH:0
FNDA:0,(anonymous_0)
DA:1,0
DA:3,0
DA:4,0
DA:5,0
DA:6,0
DA:7,0
DA:8,0
LF:7
LH:0
BRDA:6,0,0,0
BRDA:6,0,1,0
BRDA:7,1,0,0
BRDA:7,1,1,0
BRF:4
BRH:0
end_of_record
TN:
SF:src/libs/string-case-helpers.spec.ts
FN:6,(anonymous_0)
FN:7,(anonymous_1)
FN:11,(anonymous_2)
FN:16,(anonymous_3)
FN:22,(anonymous_4)
FN:28,(anonymous_5)
FN:34,(anonymous_6)
FN:38,(anonymous_7)
FN:42,(anonymous_8)
FN:47,(anonymous_9)
FN:51,(anonymous_10)
FNF:11
FNH:0
FNDA:0,(anonymous_0)
FNDA:0,(anonymous_1)
FNDA:0,(anonymous_2)
FNDA:0,(anonymous_3)
FNDA:0,(anonymous_4)
FNDA:0,(anonymous_5)
FNDA:0,(anonymous_6)
FNDA:0,(anonymous_7)
FNDA:0,(anonymous_8)
FNDA:0,(anonymous_9)
FNDA:0,(anonymous_10)
DA:3,0
DA:6,0
DA:7,0
DA:8,0
DA:11,0
DA:12,0
DA:16,0
DA:18,0
DA:22,0
DA:24,0
DA:28,0
DA:30,0
DA:34,0
DA:35,0
DA:38,0
DA:39,0
DA:42,0
DA:43,0
DA:47,0
DA:48,0
DA:51,0
DA:52,0
DA:55,0
DA:56,0
LF:24
LH:0
BRF:0
BRH:0
end_of_record
